<?xml version="1.0" encoding="UTF-8"?>
<!-- Generated by org.testng.reporters.JUnitReportReporter -->
<testsuite hostname="Nikolas-MacBook-Pro.local" failures="0" tests="1" name="tests.LoginTest" time="8.919" errors="0" timestamp="2023-05-07T21:46:35 CEST" skipped="0">
  <testcase classname="tests.LoginTest" name="loginTest" time="8.919"/>
  <system-out/>
</testsuite> <!-- tests.LoginTest -->
