<?xml version="1.0" encoding="UTF-8"?>
<!-- Generated by org.testng.reporters.JUnitReportReporter -->
<testsuite hostname="Nikolas-MacBook-Pro.local" failures="0" tests="1" name="testsWithLogin.RemoveItemFromCartTest" time="14.720" errors="0" timestamp="2023-05-07T21:46:35 CEST" skipped="0">
  <testcase classname="testsWithLogin.RemoveItemFromCartTest" name="removeItemFromCartTest" time="14.720"/>
  <system-out/>
</testsuite> <!-- testsWithLogin.RemoveItemFromCartTest -->
