<?xml version="1.0" encoding="UTF-8"?>
<!-- Generated by org.testng.reporters.JUnitReportReporter -->
<testsuite hostname="Nikolas-MacBook-Pro.local" failures="0" tests="1" name="testsWithLogin.LogoutTest" time="10.368" errors="0" timestamp="2023-05-07T21:46:35 CEST" skipped="0">
  <testcase classname="testsWithLogin.LogoutTest" name="logout" time="10.368"/>
  <system-out/>
</testsuite> <!-- testsWithLogin.LogoutTest -->
